[2026-02-26 04:33:49] {
    "type": "PHP Error\/Warning",
    "level": 8192,
    "message": "Constant FILTER_SANITIZE_STRING is deprecated",
    "file": "C:\\xampp\\htdocs\\MVC\\ProgramacionSena\\controller\\LoginController.php",
    "line": 54,
    "timestamp": "2026-02-26 04:33:49"
}
[2026-02-26 04:33:50] {
    "error": "Error interno en el servidor",
    "details": "Acceso denegado: El rol 'centro' no tiene permisos para el m\u00f3dulo 'ficha'.",
    "file": "C:\\xampp\\htdocs\\MVC\\ProgramacionSena\\routing.php",
    "line": 88,
    "trace": "#0 {main}"
}
[2026-02-26 04:33:51] {
    "error": "Error interno en el servidor",
    "details": "Acceso denegado: El rol 'centro' no tiene permisos para el m\u00f3dulo 'asignacion'.",
    "file": "C:\\xampp\\htdocs\\MVC\\ProgramacionSena\\routing.php",
    "line": 88,
    "trace": "#0 {main}"
}
[2026-02-26 04:34:08] {
    "error": "Error interno en el servidor",
    "details": "SQLSTATE[42703]: Undefined column: 7 ERROR:  no existe la columna tp.titpro_nivel\nLINE 2:                        tp.titpro_nombre, tp.titpro_nivel\n                                                 ^",
    "file": "C:\\xampp\\htdocs\\MVC\\ProgramacionSena\\model\\SedeModel.php",
    "line": 159,
    "trace": "#0 C:\\xampp\\htdocs\\MVC\\ProgramacionSena\\model\\SedeModel.php(159): PDOStatement->execute(Array)\n#1 C:\\xampp\\htdocs\\MVC\\ProgramacionSena\\controller\\sedeController.php(175): SedeModel->getProgramasBySede()\n#2 C:\\xampp\\htdocs\\MVC\\ProgramacionSena\\routing.php(186): SedeController->getProgramas('8')\n#3 {main}"
}
[2026-02-26 04:34:29] {
    "error": "Error interno en el servidor",
    "details": "Acceso denegado: El rol 'centro' no tiene permisos para el m\u00f3dulo 'ficha'.",
    "file": "C:\\xampp\\htdocs\\MVC\\ProgramacionSena\\routing.php",
    "line": 88,
    "trace": "#0 {main}"
}
[2026-02-26 04:34:29] {
    "error": "Error interno en el servidor",
    "details": "Acceso denegado: El rol 'centro' no tiene permisos para el m\u00f3dulo 'asignacion'.",
    "file": "C:\\xampp\\htdocs\\MVC\\ProgramacionSena\\routing.php",
    "line": 88,
    "trace": "#0 {main}"
}
[2026-02-26 04:34:32] {
    "error": "Error interno en el servidor",
    "details": "Acceso denegado: El rol 'centro' no tiene permisos para el m\u00f3dulo 'ficha'.",
    "file": "C:\\xampp\\htdocs\\MVC\\ProgramacionSena\\routing.php",
    "line": 88,
    "trace": "#0 {main}"
}
[2026-02-26 04:34:32] {
    "error": "Error interno en el servidor",
    "details": "Acceso denegado: El rol 'centro' no tiene permisos para el m\u00f3dulo 'asignacion'.",
    "file": "C:\\xampp\\htdocs\\MVC\\ProgramacionSena\\routing.php",
    "line": 88,
    "trace": "#0 {main}"
}
[2026-02-26 04:34:33] {
    "error": "Error interno en el servidor",
    "details": "Acceso denegado: El rol 'centro' no tiene permisos para el m\u00f3dulo 'ficha'.",
    "file": "C:\\xampp\\htdocs\\MVC\\ProgramacionSena\\routing.php",
    "line": 88,
    "trace": "#0 {main}"
}
[2026-02-26 04:34:33] {
    "error": "Error interno en el servidor",
    "details": "Acceso denegado: El rol 'centro' no tiene permisos para el m\u00f3dulo 'asignacion'.",
    "file": "C:\\xampp\\htdocs\\MVC\\ProgramacionSena\\routing.php",
    "line": 88,
    "trace": "#0 {main}"
}
[2026-02-26 04:34:34] {
    "error": "Error interno en el servidor",
    "details": "Acceso denegado: El rol 'centro' no tiene permisos para el m\u00f3dulo 'ficha'.",
    "file": "C:\\xampp\\htdocs\\MVC\\ProgramacionSena\\routing.php",
    "line": 88,
    "trace": "#0 {main}"
}
[2026-02-26 04:34:34] {
    "error": "Error interno en el servidor",
    "details": "Acceso denegado: El rol 'centro' no tiene permisos para el m\u00f3dulo 'asignacion'.",
    "file": "C:\\xampp\\htdocs\\MVC\\ProgramacionSena\\routing.php",
    "line": 88,
    "trace": "#0 {main}"
}
[2026-02-26 04:57:55] {
    "error": "Error interno en el servidor",
    "details": "Acceso denegado: El rol 'coordinador' no tiene permisos para el m\u00f3dulo 'sede'.",
    "file": "C:\\xampp\\htdocs\\MVC\\ProgramacionSena\\routing.php",
    "line": 88,
    "trace": "#0 {main}"
}
[2026-02-26 04:58:04] {
    "error": "Error interno en el servidor",
    "details": "Acceso denegado: El rol 'coordinador' no tiene permisos para el m\u00f3dulo 'sede'.",
    "file": "C:\\xampp\\htdocs\\MVC\\ProgramacionSena\\routing.php",
    "line": 88,
    "trace": "#0 {main}"
}
[2026-02-26 04:58:36] {
    "error": "Error interno en el servidor",
    "details": "Acceso denegado: El rol 'coordinador' no tiene permisos para el m\u00f3dulo 'sede'.",
    "file": "C:\\xampp\\htdocs\\MVC\\ProgramacionSena\\routing.php",
    "line": 88,
    "trace": "#0 {main}"
}
[2026-02-26 04:58:36] {
    "error": "Error interno en el servidor",
    "details": "Acceso denegado: El rol 'coordinador' no tiene permisos para el m\u00f3dulo 'coordinacion'.",
    "file": "C:\\xampp\\htdocs\\MVC\\ProgramacionSena\\routing.php",
    "line": 88,
    "trace": "#0 {main}"
}
[2026-02-26 04:58:38] {
    "error": "Error interno en el servidor",
    "details": "Acceso denegado: El rol 'coordinador' no tiene permisos para el m\u00f3dulo 'sede'.",
    "file": "C:\\xampp\\htdocs\\MVC\\ProgramacionSena\\routing.php",
    "line": 88,
    "trace": "#0 {main}"
}
[2026-02-26 04:58:58] {
    "error": "Error interno en el servidor",
    "details": "Acceso denegado: El rol 'coordinador' no tiene permisos para el m\u00f3dulo 'sede'.",
    "file": "C:\\xampp\\htdocs\\MVC\\ProgramacionSena\\routing.php",
    "line": 88,
    "trace": "#0 {main}"
}
[2026-02-26 04:59:02] {
    "error": "Error interno en el servidor",
    "details": "Acceso denegado: El rol 'coordinador' no tiene permisos para el m\u00f3dulo 'sede'.",
    "file": "C:\\xampp\\htdocs\\MVC\\ProgramacionSena\\routing.php",
    "line": 88,
    "trace": "#0 {main}"
}
[2026-02-26 04:59:03] {
    "error": "Error interno en el servidor",
    "details": "Acceso denegado: El rol 'coordinador' no tiene permisos para el m\u00f3dulo 'sede'.",
    "file": "C:\\xampp\\htdocs\\MVC\\ProgramacionSena\\routing.php",
    "line": 88,
    "trace": "#0 {main}"
}
[2026-02-26 04:59:04] {
    "error": "Error interno en el servidor",
    "details": "Acceso denegado: El rol 'coordinador' no tiene permisos para el m\u00f3dulo 'sede'.",
    "file": "C:\\xampp\\htdocs\\MVC\\ProgramacionSena\\routing.php",
    "line": 88,
    "trace": "#0 {main}"
}
[2026-02-26 04:59:04] {
    "error": "Error interno en el servidor",
    "details": "Acceso denegado: El rol 'coordinador' no tiene permisos para el m\u00f3dulo 'sede'.",
    "file": "C:\\xampp\\htdocs\\MVC\\ProgramacionSena\\routing.php",
    "line": 88,
    "trace": "#0 {main}"
}
[2026-02-26 04:59:05] {
    "error": "Error interno en el servidor",
    "details": "Acceso denegado: El rol 'coordinador' no tiene permisos para el m\u00f3dulo 'sede'.",
    "file": "C:\\xampp\\htdocs\\MVC\\ProgramacionSena\\routing.php",
    "line": 88,
    "trace": "#0 {main}"
}
[2026-02-26 04:59:40] {
    "error": "Error interno en el servidor",
    "details": "Acceso denegado: El rol 'coordinador' no tiene permisos para el m\u00f3dulo 'sede'.",
    "file": "C:\\xampp\\htdocs\\MVC\\ProgramacionSena\\routing.php",
    "line": 88,
    "trace": "#0 {main}"
}
[2026-02-26 04:59:41] {
    "error": "Error interno en el servidor",
    "details": "Acceso denegado: El rol 'coordinador' no tiene permisos para el m\u00f3dulo 'sede'.",
    "file": "C:\\xampp\\htdocs\\MVC\\ProgramacionSena\\routing.php",
    "line": 88,
    "trace": "#0 {main}"
}
[2026-02-26 04:59:42] {
    "error": "Error interno en el servidor",
    "details": "Acceso denegado: El rol 'coordinador' no tiene permisos para el m\u00f3dulo 'sede'.",
    "file": "C:\\xampp\\htdocs\\MVC\\ProgramacionSena\\routing.php",
    "line": 88,
    "trace": "#0 {main}"
}
[2026-02-26 04:59:49] {
    "error": "Error interno en el servidor",
    "details": "Acceso denegado: El rol 'coordinador' no tiene permisos para el m\u00f3dulo 'sede'.",
    "file": "C:\\xampp\\htdocs\\MVC\\ProgramacionSena\\routing.php",
    "line": 88,
    "trace": "#0 {main}"
}
[2026-02-26 04:59:49] {
    "error": "Error interno en el servidor",
    "details": "Acceso denegado: El rol 'coordinador' no tiene permisos para el m\u00f3dulo 'coordinacion'.",
    "file": "C:\\xampp\\htdocs\\MVC\\ProgramacionSena\\routing.php",
    "line": 88,
    "trace": "#0 {main}"
}
[2026-02-26 04:59:50] {
    "error": "Error interno en el servidor",
    "details": "Acceso denegado: El rol 'coordinador' no tiene permisos para el m\u00f3dulo 'sede'.",
    "file": "C:\\xampp\\htdocs\\MVC\\ProgramacionSena\\routing.php",
    "line": 88,
    "trace": "#0 {main}"
}
[2026-02-26 04:59:57] {
    "error": "Error interno en el servidor",
    "details": "Acceso denegado: El rol 'coordinador' no tiene permisos para el m\u00f3dulo 'sede'.",
    "file": "C:\\xampp\\htdocs\\MVC\\ProgramacionSena\\routing.php",
    "line": 88,
    "trace": "#0 {main}"
}
[2026-02-26 16:42:22] {
    "error": "Error interno en el servidor",
    "details": "SQLSTATE[23502]: Not null violation: 7 ERROR:  el valor nulo en la columna \u00abcoord_id\u00bb de la relaci\u00f3n \u00abcoordinacion\u00bb viola la restricci\u00f3n \u201cnot-null\u201d\nDETAIL:  La fila que falla contiene (null, moda, turismo y tecnologia, 2, Neyger Serrano, hola@gmail.com, $2y$10$8nUwpHYpL0CxNcwNv0fCHeyQpTIGS4tjhJssbwyP\/evYYvI01MM6S).",
    "file": "C:\\xampp\\htdocs\\MVC\\ProgramacionSena\\model\\LoginModel.php",
    "line": 94,
    "trace": "#0 C:\\xampp\\htdocs\\MVC\\ProgramacionSena\\model\\LoginModel.php(94): PDOStatement->execute()\n#1 C:\\xampp\\htdocs\\MVC\\ProgramacionSena\\controller\\LoginController.php(194): LoginModel->insertCoordinador('2', 'moda, turismo y...', 'Neyger Serrano', 'hola@gmail.com', '$2y$10$8nUwpHYp...')\n#2 C:\\xampp\\htdocs\\MVC\\ProgramacionSena\\routing.php(186): LoginController->guardarCoordinador()\n#3 {main}"
}
[2026-02-26 16:46:04] {
    "error": "Error interno en el servidor",
    "details": "Acceso denegado: El rol 'coordinador' no tiene permisos para el m\u00f3dulo 'sede'.",
    "file": "C:\\xampp\\htdocs\\MVC\\ProgramacionSena\\routing.php",
    "line": 88,
    "trace": "#0 {main}"
}
[2026-02-26 16:46:21] {
    "error": "Error interno en el servidor",
    "details": "Acceso denegado: El rol 'coordinador' no tiene permisos para el m\u00f3dulo 'sede'.",
    "file": "C:\\xampp\\htdocs\\MVC\\ProgramacionSena\\routing.php",
    "line": 88,
    "trace": "#0 {main}"
}
[2026-02-26 16:46:22] {
    "error": "Error interno en el servidor",
    "details": "Acceso denegado: El rol 'coordinador' no tiene permisos para el m\u00f3dulo 'coordinacion'.",
    "file": "C:\\xampp\\htdocs\\MVC\\ProgramacionSena\\routing.php",
    "line": 88,
    "trace": "#0 {main}"
}
[2026-02-26 16:46:24] {
    "error": "Error interno en el servidor",
    "details": "Acceso denegado: El rol 'coordinador' no tiene permisos para el m\u00f3dulo 'sede'.",
    "file": "C:\\xampp\\htdocs\\MVC\\ProgramacionSena\\routing.php",
    "line": 88,
    "trace": "#0 {main}"
}
[2026-02-26 16:46:25] {
    "error": "Error interno en el servidor",
    "details": "Acceso denegado: El rol 'coordinador' no tiene permisos para el m\u00f3dulo 'sede'.",
    "file": "C:\\xampp\\htdocs\\MVC\\ProgramacionSena\\routing.php",
    "line": 88,
    "trace": "#0 {main}"
}
[2026-02-26 16:46:26] {
    "error": "Error interno en el servidor",
    "details": "Acceso denegado: El rol 'coordinador' no tiene permisos para el m\u00f3dulo 'sede'.",
    "file": "C:\\xampp\\htdocs\\MVC\\ProgramacionSena\\routing.php",
    "line": 88,
    "trace": "#0 {main}"
}
[2026-02-26 16:48:48] {
    "error": "Error interno en el servidor",
    "details": "Acceso denegado: El rol 'coordinador' no tiene permisos para el m\u00f3dulo 'sede'.",
    "file": "C:\\xampp\\htdocs\\MVC\\ProgramacionSena\\routing.php",
    "line": 88,
    "trace": "#0 {main}"
}
[2026-02-26 16:48:50] {
    "error": "Error interno en el servidor",
    "details": "Acceso denegado: El rol 'coordinador' no tiene permisos para el m\u00f3dulo 'sede'.",
    "file": "C:\\xampp\\htdocs\\MVC\\ProgramacionSena\\routing.php",
    "line": 88,
    "trace": "#0 {main}"
}
[2026-02-26 16:48:51] {
    "error": "Error interno en el servidor",
    "details": "Acceso denegado: El rol 'coordinador' no tiene permisos para el m\u00f3dulo 'sede'.",
    "file": "C:\\xampp\\htdocs\\MVC\\ProgramacionSena\\routing.php",
    "line": 88,
    "trace": "#0 {main}"
}
[2026-02-26 16:48:51] {
    "error": "Error interno en el servidor",
    "details": "Acceso denegado: El rol 'coordinador' no tiene permisos para el m\u00f3dulo 'sede'.",
    "file": "C:\\xampp\\htdocs\\MVC\\ProgramacionSena\\routing.php",
    "line": 88,
    "trace": "#0 {main}"
}
[2026-02-26 16:48:52] {
    "error": "Error interno en el servidor",
    "details": "Acceso denegado: El rol 'coordinador' no tiene permisos para el m\u00f3dulo 'sede'.",
    "file": "C:\\xampp\\htdocs\\MVC\\ProgramacionSena\\routing.php",
    "line": 88,
    "trace": "#0 {main}"
}
[2026-02-26 16:48:53] {
    "error": "Error interno en el servidor",
    "details": "Acceso denegado: El rol 'coordinador' no tiene permisos para el m\u00f3dulo 'sede'.",
    "file": "C:\\xampp\\htdocs\\MVC\\ProgramacionSena\\routing.php",
    "line": 88,
    "trace": "#0 {main}"
}
[2026-02-26 16:48:53] {
    "error": "Error interno en el servidor",
    "details": "Acceso denegado: El rol 'coordinador' no tiene permisos para el m\u00f3dulo 'coordinacion'.",
    "file": "C:\\xampp\\htdocs\\MVC\\ProgramacionSena\\routing.php",
    "line": 88,
    "trace": "#0 {main}"
}
[2026-02-26 16:49:08] {
    "error": "Error interno en el servidor",
    "details": "Acceso denegado: El rol 'coordinador' no tiene permisos para el m\u00f3dulo 'sede'.",
    "file": "C:\\xampp\\htdocs\\MVC\\ProgramacionSena\\routing.php",
    "line": 88,
    "trace": "#0 {main}"
}
[2026-02-26 17:26:04] {
    "error": "Error interno en el servidor",
    "details": "No autorizado. Por favor, inicie sesi\u00f3n.",
    "file": "C:\\xampp\\htdocs\\MVC\\ProgramacionSena\\routing.php",
    "line": 71,
    "trace": "#0 {main}"
}
[2026-02-26 17:26:08] {
    "error": "Error interno en el servidor",
    "details": "No autorizado. Por favor, inicie sesi\u00f3n.",
    "file": "C:\\xampp\\htdocs\\MVC\\ProgramacionSena\\routing.php",
    "line": 71,
    "trace": "#0 {main}"
}
[2026-02-26 17:26:10] {
    "error": "Error interno en el servidor",
    "details": "No autorizado. Por favor, inicie sesi\u00f3n.",
    "file": "C:\\xampp\\htdocs\\MVC\\ProgramacionSena\\routing.php",
    "line": 71,
    "trace": "#0 {main}"
}
[2026-02-26 17:26:12] {
    "error": "Error interno en el servidor",
    "details": "No autorizado. Por favor, inicie sesi\u00f3n.",
    "file": "C:\\xampp\\htdocs\\MVC\\ProgramacionSena\\routing.php",
    "line": 71,
    "trace": "#0 {main}"
}
[2026-02-26 17:26:14] {
    "error": "Error interno en el servidor",
    "details": "No autorizado. Por favor, inicie sesi\u00f3n.",
    "file": "C:\\xampp\\htdocs\\MVC\\ProgramacionSena\\routing.php",
    "line": 71,
    "trace": "#0 {main}"
}
[2026-02-26 17:26:16] {
    "error": "Error interno en el servidor",
    "details": "No autorizado. Por favor, inicie sesi\u00f3n.",
    "file": "C:\\xampp\\htdocs\\MVC\\ProgramacionSena\\routing.php",
    "line": 71,
    "trace": "#0 {main}"
}
[2026-02-26 17:26:17] {
    "error": "Error interno en el servidor",
    "details": "No autorizado. Por favor, inicie sesi\u00f3n.",
    "file": "C:\\xampp\\htdocs\\MVC\\ProgramacionSena\\routing.php",
    "line": 71,
    "trace": "#0 {main}"
}
[2026-02-26 17:26:43] {
    "error": "Error interno en el servidor",
    "details": "Acceso denegado: El rol 'centro' no tiene permisos para el m\u00f3dulo 'ficha'.",
    "file": "C:\\xampp\\htdocs\\MVC\\ProgramacionSena\\routing.php",
    "line": 88,
    "trace": "#0 {main}"
}
[2026-02-26 17:26:43] {
    "error": "Error interno en el servidor",
    "details": "Acceso denegado: El rol 'centro' no tiene permisos para el m\u00f3dulo 'asignacion'.",
    "file": "C:\\xampp\\htdocs\\MVC\\ProgramacionSena\\routing.php",
    "line": 88,
    "trace": "#0 {main}"
}
[2026-02-26 17:27:05] {
    "error": "Error interno en el servidor",
    "details": "No autorizado. Por favor, inicie sesi\u00f3n.",
    "file": "C:\\xampp\\htdocs\\MVC\\ProgramacionSena\\routing.php",
    "line": 71,
    "trace": "#0 {main}"
}
[2026-02-26 17:27:07] {
    "error": "Error interno en el servidor",
    "details": "No autorizado. Por favor, inicie sesi\u00f3n.",
    "file": "C:\\xampp\\htdocs\\MVC\\ProgramacionSena\\routing.php",
    "line": 71,
    "trace": "#0 {main}"
}
[2026-02-26 17:27:09] {
    "error": "Error interno en el servidor",
    "details": "No autorizado. Por favor, inicie sesi\u00f3n.",
    "file": "C:\\xampp\\htdocs\\MVC\\ProgramacionSena\\routing.php",
    "line": 71,
    "trace": "#0 {main}"
}
[2026-02-26 17:32:05] {
    "error": "Error interno en el servidor",
    "details": "Acceso denegado: El rol 'centro' no tiene permisos para el m\u00f3dulo 'ficha'.",
    "file": "C:\\xampp\\htdocs\\MVC\\ProgramacionSena\\routing.php",
    "line": 88,
    "trace": "#0 {main}"
}
[2026-02-26 17:32:05] {
    "error": "Error interno en el servidor",
    "details": "Acceso denegado: El rol 'centro' no tiene permisos para el m\u00f3dulo 'asignacion'.",
    "file": "C:\\xampp\\htdocs\\MVC\\ProgramacionSena\\routing.php",
    "line": 88,
    "trace": "#0 {main}"
}
[2026-02-26 17:37:16] {
    "error": "Error interno en el servidor",
    "details": "SQLSTATE[23503]: Foreign key violation: 7 ERROR:  update o delete en \u00abcoordinacion\u00bb viola la llave for\u00e1nea \u00abfk_ficha_coordinacion1\u00bb en la tabla \u00abficha\u00bb\nDETAIL:  La llave (coord_id)=(4) todav\u00eda es referida desde la tabla \u00abficha\u00bb.",
    "file": "C:\\xampp\\htdocs\\MVC\\ProgramacionSena\\model\\CoordinacionModel.php",
    "line": 148,
    "trace": "#0 C:\\xampp\\htdocs\\MVC\\ProgramacionSena\\model\\CoordinacionModel.php(148): PDOStatement->execute()\n#1 C:\\xampp\\htdocs\\MVC\\ProgramacionSena\\controller\\coordinacionController.php(84): CoordinacionModel->delete()\n#2 C:\\xampp\\htdocs\\MVC\\ProgramacionSena\\routing.php(186): coordinacionController->destroy('4')\n#3 {main}"
}
[2026-02-26 17:37:18] {
    "error": "Error interno en el servidor",
    "details": "SQLSTATE[23503]: Foreign key violation: 7 ERROR:  update o delete en \u00abcoordinacion\u00bb viola la llave for\u00e1nea \u00abfk_ficha_coordinacion1\u00bb en la tabla \u00abficha\u00bb\nDETAIL:  La llave (coord_id)=(4) todav\u00eda es referida desde la tabla \u00abficha\u00bb.",
    "file": "C:\\xampp\\htdocs\\MVC\\ProgramacionSena\\model\\CoordinacionModel.php",
    "line": 148,
    "trace": "#0 C:\\xampp\\htdocs\\MVC\\ProgramacionSena\\model\\CoordinacionModel.php(148): PDOStatement->execute()\n#1 C:\\xampp\\htdocs\\MVC\\ProgramacionSena\\controller\\coordinacionController.php(84): CoordinacionModel->delete()\n#2 C:\\xampp\\htdocs\\MVC\\ProgramacionSena\\routing.php(186): coordinacionController->destroy('4')\n#3 {main}"
}
[2026-02-26 17:39:00] {
    "error": "Error interno en el servidor",
    "details": "Acceso denegado: El rol 'centro' no tiene permisos para el m\u00f3dulo 'ficha'.",
    "file": "C:\\xampp\\htdocs\\MVC\\ProgramacionSena\\routing.php",
    "line": 88,
    "trace": "#0 {main}"
}
[2026-02-26 17:39:00] {
    "error": "Error interno en el servidor",
    "details": "Acceso denegado: El rol 'centro' no tiene permisos para el m\u00f3dulo 'asignacion'.",
    "file": "C:\\xampp\\htdocs\\MVC\\ProgramacionSena\\routing.php",
    "line": 88,
    "trace": "#0 {main}"
}
[2026-02-27 19:55:22] {
    "error": "Error interno en el servidor",
    "details": "Error al conectar a PostgreSQL: SQLSTATE[42601]: Syntax error: 7 ERROR:  error de sintaxis en o cerca de \u00ab$1\u00bb\nLINE 1: SET myapp.documento_usuario = $1; SET myapp.correo_usuario =...\n                                      ^",
    "file": "C:\\xampp\\htdocs\\MVC\\ProgramacionSena\\Conexion.php",
    "line": 45,
    "trace": "#0 C:\\xampp\\htdocs\\MVC\\ProgramacionSena\\model\\LoginModel.php(11): Conexion::getConnect()\n#1 C:\\xampp\\htdocs\\MVC\\ProgramacionSena\\controller\\LoginController.php(62): LoginModel->__construct()\n#2 C:\\xampp\\htdocs\\MVC\\ProgramacionSena\\routing.php(191): LoginController->login()\n#3 {main}"
}
[2026-02-27 19:55:28] {
    "error": "Error interno en el servidor",
    "details": "Error al conectar a PostgreSQL: SQLSTATE[42601]: Syntax error: 7 ERROR:  error de sintaxis en o cerca de \u00ab$1\u00bb\nLINE 1: SET myapp.documento_usuario = $1; SET myapp.correo_usuario =...\n                                      ^",
    "file": "C:\\xampp\\htdocs\\MVC\\ProgramacionSena\\Conexion.php",
    "line": 45,
    "trace": "#0 C:\\xampp\\htdocs\\MVC\\ProgramacionSena\\model\\LoginModel.php(11): Conexion::getConnect()\n#1 C:\\xampp\\htdocs\\MVC\\ProgramacionSena\\controller\\LoginController.php(62): LoginModel->__construct()\n#2 C:\\xampp\\htdocs\\MVC\\ProgramacionSena\\routing.php(191): LoginController->login()\n#3 {main}"
}
[2026-02-27 19:56:12] {
    "error": "Error interno en el servidor",
    "details": "Error al conectar a PostgreSQL: SQLSTATE[42601]: Syntax error: 7 ERROR:  error de sintaxis en o cerca de \u00ab$1\u00bb\nLINE 1: SET myapp.documento_usuario = $1; SET myapp.correo_usuario =...\n                                      ^",
    "file": "C:\\xampp\\htdocs\\MVC\\ProgramacionSena\\Conexion.php",
    "line": 45,
    "trace": "#0 C:\\xampp\\htdocs\\MVC\\ProgramacionSena\\model\\LoginModel.php(11): Conexion::getConnect()\n#1 C:\\xampp\\htdocs\\MVC\\ProgramacionSena\\controller\\LoginController.php(62): LoginModel->__construct()\n#2 C:\\xampp\\htdocs\\MVC\\ProgramacionSena\\routing.php(191): LoginController->login()\n#3 {main}"
}
[2026-02-27 20:03:37] {
    "error": "Error interno en el servidor",
    "details": "Acceso denegado: El rol 'centro' no tiene permisos para el m\u00f3dulo 'ficha'.",
    "file": "C:\\xampp\\htdocs\\MVC\\ProgramacionSena\\routing.php",
    "line": 89,
    "trace": "#0 {main}"
}
[2026-02-27 20:03:38] {
    "error": "Error interno en el servidor",
    "details": "Acceso denegado: El rol 'centro' no tiene permisos para el m\u00f3dulo 'asignacion'.",
    "file": "C:\\xampp\\htdocs\\MVC\\ProgramacionSena\\routing.php",
    "line": 89,
    "trace": "#0 {main}"
}
[2026-02-27 20:03:49] {
    "error": "Error interno en el servidor",
    "details": "Acceso denegado: El rol 'centro' no tiene permisos para el m\u00f3dulo 'ficha'.",
    "file": "C:\\xampp\\htdocs\\MVC\\ProgramacionSena\\routing.php",
    "line": 89,
    "trace": "#0 {main}"
}
[2026-02-27 20:03:49] {
    "error": "Error interno en el servidor",
    "details": "Acceso denegado: El rol 'centro' no tiene permisos para el m\u00f3dulo 'asignacion'.",
    "file": "C:\\xampp\\htdocs\\MVC\\ProgramacionSena\\routing.php",
    "line": 89,
    "trace": "#0 {main}"
}
[2026-02-27 20:03:57] {
    "error": "Error interno en el servidor",
    "details": "Acceso denegado: El rol 'centro' no tiene permisos para el m\u00f3dulo 'ficha'.",
    "file": "C:\\xampp\\htdocs\\MVC\\ProgramacionSena\\routing.php",
    "line": 89,
    "trace": "#0 {main}"
}
[2026-02-27 20:03:57] {
    "error": "Error interno en el servidor",
    "details": "Acceso denegado: El rol 'centro' no tiene permisos para el m\u00f3dulo 'asignacion'.",
    "file": "C:\\xampp\\htdocs\\MVC\\ProgramacionSena\\routing.php",
    "line": 89,
    "trace": "#0 {main}"
}
[2026-02-27 20:04:00] {
    "error": "Error interno en el servidor",
    "details": "Acceso denegado: El rol 'centro' no tiene permisos para el m\u00f3dulo 'ficha'.",
    "file": "C:\\xampp\\htdocs\\MVC\\ProgramacionSena\\routing.php",
    "line": 89,
    "trace": "#0 {main}"
}
[2026-02-27 20:04:00] {
    "error": "Error interno en el servidor",
    "details": "Acceso denegado: El rol 'centro' no tiene permisos para el m\u00f3dulo 'asignacion'.",
    "file": "C:\\xampp\\htdocs\\MVC\\ProgramacionSena\\routing.php",
    "line": 89,
    "trace": "#0 {main}"
}
[2026-02-27 20:04:04] {
    "error": "Error interno en el servidor",
    "details": "SQLSTATE[42703]: Undefined column: 7 ERROR:  no existe la columna i.inst_id\nLINE 2:                        i.inst_id, i.inst_nombres, i.inst_ape...\n                               ^",
    "file": "C:\\xampp\\htdocs\\MVC\\ProgramacionSena\\controller\\reporteController.php",
    "line": 24,
    "trace": "#0 C:\\xampp\\htdocs\\MVC\\ProgramacionSena\\controller\\reporteController.php(24): PDOStatement->execute()\n#1 C:\\xampp\\htdocs\\MVC\\ProgramacionSena\\routing.php(191): ReporteController->instructoresPorCentro()\n#2 {main}"
}
[2026-02-27 20:04:05] {
    "error": "Error interno en el servidor",
    "details": "SQLSTATE[42703]: Undefined column: 7 ERROR:  no existe la columna i.inst_id\nLINE 7: ... JOIN INSTRUCTOR i ON f.INSTRUCTOR_inst_id_lider = i.inst_id\n                                                              ^",
    "file": "C:\\xampp\\htdocs\\MVC\\ProgramacionSena\\controller\\reporteController.php",
    "line": 65,
    "trace": "#0 C:\\xampp\\htdocs\\MVC\\ProgramacionSena\\controller\\reporteController.php(65): PDOStatement->execute()\n#1 C:\\xampp\\htdocs\\MVC\\ProgramacionSena\\routing.php(191): ReporteController->fichasActivasPorPrograma()\n#2 {main}"
}
[2026-02-27 20:04:06] {
    "error": "Error interno en el servidor",
    "details": "SQLSTATE[42703]: Undefined column: 7 ERROR:  no existe la columna i.inst_id\nLINE 7: ... INNER JOIN INSTRUCTOR i ON a.INSTRUCTOR_inst_id = i.inst_id\n                                                              ^",
    "file": "C:\\xampp\\htdocs\\MVC\\ProgramacionSena\\controller\\reporteController.php",
    "line": 110,
    "trace": "#0 C:\\xampp\\htdocs\\MVC\\ProgramacionSena\\controller\\reporteController.php(110): PDOStatement->execute()\n#1 C:\\xampp\\htdocs\\MVC\\ProgramacionSena\\routing.php(191): ReporteController->asignacionesPorInstructor()\n#2 {main}"
}
[2026-02-27 20:04:07] {
    "error": "Error interno en el servidor",
    "details": "SQLSTATE[42703]: Undefined column: 7 ERROR:  no existe la columna i.inst_id\nLINE 7: ... INNER JOIN INSTRUCTOR i ON a.INSTRUCTOR_inst_id = i.inst_id\n                                                              ^",
    "file": "C:\\xampp\\htdocs\\MVC\\ProgramacionSena\\controller\\reporteController.php",
    "line": 110,
    "trace": "#0 C:\\xampp\\htdocs\\MVC\\ProgramacionSena\\controller\\reporteController.php(110): PDOStatement->execute()\n#1 C:\\xampp\\htdocs\\MVC\\ProgramacionSena\\routing.php(191): ReporteController->asignacionesPorInstructor()\n#2 {main}"
}
[2026-02-27 20:04:07] {
    "error": "Error interno en el servidor",
    "details": "SQLSTATE[42703]: Undefined column: 7 ERROR:  no existe la columna i.inst_id\nLINE 7: ... JOIN INSTRUCTOR i ON f.INSTRUCTOR_inst_id_lider = i.inst_id\n                                                              ^",
    "file": "C:\\xampp\\htdocs\\MVC\\ProgramacionSena\\controller\\reporteController.php",
    "line": 65,
    "trace": "#0 C:\\xampp\\htdocs\\MVC\\ProgramacionSena\\controller\\reporteController.php(65): PDOStatement->execute()\n#1 C:\\xampp\\htdocs\\MVC\\ProgramacionSena\\routing.php(191): ReporteController->fichasActivasPorPrograma()\n#2 {main}"
}
[2026-02-27 20:04:08] {
    "error": "Error interno en el servidor",
    "details": "SQLSTATE[42703]: Undefined column: 7 ERROR:  no existe la columna i.inst_id\nLINE 2:                        i.inst_id, i.inst_nombres, i.inst_ape...\n                               ^",
    "file": "C:\\xampp\\htdocs\\MVC\\ProgramacionSena\\controller\\reporteController.php",
    "line": 24,
    "trace": "#0 C:\\xampp\\htdocs\\MVC\\ProgramacionSena\\controller\\reporteController.php(24): PDOStatement->execute()\n#1 C:\\xampp\\htdocs\\MVC\\ProgramacionSena\\routing.php(191): ReporteController->instructoresPorCentro()\n#2 {main}"
}
[2026-02-27 20:04:08] {
    "error": "Error interno en el servidor",
    "details": "SQLSTATE[42703]: Undefined column: 7 ERROR:  no existe la columna i.inst_id\nLINE 7: ... JOIN INSTRUCTOR i ON f.INSTRUCTOR_inst_id_lider = i.inst_id\n                                                              ^",
    "file": "C:\\xampp\\htdocs\\MVC\\ProgramacionSena\\controller\\reporteController.php",
    "line": 65,
    "trace": "#0 C:\\xampp\\htdocs\\MVC\\ProgramacionSena\\controller\\reporteController.php(65): PDOStatement->execute()\n#1 C:\\xampp\\htdocs\\MVC\\ProgramacionSena\\routing.php(191): ReporteController->fichasActivasPorPrograma()\n#2 {main}"
}
[2026-02-27 20:04:09] {
    "error": "Error interno en el servidor",
    "details": "SQLSTATE[42703]: Undefined column: 7 ERROR:  no existe la columna i.inst_id\nLINE 2:                        i.inst_id, i.inst_nombres, i.inst_ape...\n                               ^",
    "file": "C:\\xampp\\htdocs\\MVC\\ProgramacionSena\\controller\\reporteController.php",
    "line": 24,
    "trace": "#0 C:\\xampp\\htdocs\\MVC\\ProgramacionSena\\controller\\reporteController.php(24): PDOStatement->execute()\n#1 C:\\xampp\\htdocs\\MVC\\ProgramacionSena\\routing.php(191): ReporteController->instructoresPorCentro()\n#2 {main}"
}
[2026-02-27 20:04:09] {
    "error": "Error interno en el servidor",
    "details": "SQLSTATE[42703]: Undefined column: 7 ERROR:  no existe la columna i.inst_id\nLINE 7: ... JOIN INSTRUCTOR i ON f.INSTRUCTOR_inst_id_lider = i.inst_id\n                                                              ^",
    "file": "C:\\xampp\\htdocs\\MVC\\ProgramacionSena\\controller\\reporteController.php",
    "line": 65,
    "trace": "#0 C:\\xampp\\htdocs\\MVC\\ProgramacionSena\\controller\\reporteController.php(65): PDOStatement->execute()\n#1 C:\\xampp\\htdocs\\MVC\\ProgramacionSena\\routing.php(191): ReporteController->fichasActivasPorPrograma()\n#2 {main}"
}
[2026-02-27 20:04:10] {
    "error": "Error interno en el servidor",
    "details": "SQLSTATE[42703]: Undefined column: 7 ERROR:  no existe la columna i.inst_id\nLINE 2:                        i.inst_id, i.inst_nombres, i.inst_ape...\n                               ^",
    "file": "C:\\xampp\\htdocs\\MVC\\ProgramacionSena\\controller\\reporteController.php",
    "line": 24,
    "trace": "#0 C:\\xampp\\htdocs\\MVC\\ProgramacionSena\\controller\\reporteController.php(24): PDOStatement->execute()\n#1 C:\\xampp\\htdocs\\MVC\\ProgramacionSena\\routing.php(191): ReporteController->instructoresPorCentro()\n#2 {main}"
}
[2026-02-27 20:04:10] {
    "error": "Error interno en el servidor",
    "details": "SQLSTATE[42703]: Undefined column: 7 ERROR:  no existe la columna i.inst_id\nLINE 7: ... JOIN INSTRUCTOR i ON f.INSTRUCTOR_inst_id_lider = i.inst_id\n                                                              ^",
    "file": "C:\\xampp\\htdocs\\MVC\\ProgramacionSena\\controller\\reporteController.php",
    "line": 65,
    "trace": "#0 C:\\xampp\\htdocs\\MVC\\ProgramacionSena\\controller\\reporteController.php(65): PDOStatement->execute()\n#1 C:\\xampp\\htdocs\\MVC\\ProgramacionSena\\routing.php(191): ReporteController->fichasActivasPorPrograma()\n#2 {main}"
}
[2026-02-27 20:04:10] {
    "error": "Error interno en el servidor",
    "details": "SQLSTATE[42703]: Undefined column: 7 ERROR:  no existe la columna i.inst_id\nLINE 7: ... INNER JOIN INSTRUCTOR i ON a.INSTRUCTOR_inst_id = i.inst_id\n                                                              ^",
    "file": "C:\\xampp\\htdocs\\MVC\\ProgramacionSena\\controller\\reporteController.php",
    "line": 110,
    "trace": "#0 C:\\xampp\\htdocs\\MVC\\ProgramacionSena\\controller\\reporteController.php(110): PDOStatement->execute()\n#1 C:\\xampp\\htdocs\\MVC\\ProgramacionSena\\routing.php(191): ReporteController->asignacionesPorInstructor()\n#2 {main}"
}
[2026-02-27 20:04:11] {
    "error": "Error interno en el servidor",
    "details": "SQLSTATE[42703]: Undefined column: 7 ERROR:  no existe la columna i.inst_id\nLINE 7: ... INNER JOIN INSTRUCTOR i ON a.INSTRUCTOR_inst_id = i.inst_id\n                                                              ^",
    "file": "C:\\xampp\\htdocs\\MVC\\ProgramacionSena\\controller\\reporteController.php",
    "line": 110,
    "trace": "#0 C:\\xampp\\htdocs\\MVC\\ProgramacionSena\\controller\\reporteController.php(110): PDOStatement->execute()\n#1 C:\\xampp\\htdocs\\MVC\\ProgramacionSena\\routing.php(191): ReporteController->asignacionesPorInstructor()\n#2 {main}"
}
[2026-02-27 20:04:12] {
    "error": "Error interno en el servidor",
    "details": "SQLSTATE[42703]: Undefined column: 7 ERROR:  no existe la columna i.inst_id\nLINE 7: ... INNER JOIN INSTRUCTOR i ON a.INSTRUCTOR_inst_id = i.inst_id\n                                                              ^",
    "file": "C:\\xampp\\htdocs\\MVC\\ProgramacionSena\\controller\\reporteController.php",
    "line": 110,
    "trace": "#0 C:\\xampp\\htdocs\\MVC\\ProgramacionSena\\controller\\reporteController.php(110): PDOStatement->execute()\n#1 C:\\xampp\\htdocs\\MVC\\ProgramacionSena\\routing.php(191): ReporteController->asignacionesPorInstructor()\n#2 {main}"
}
[2026-02-27 20:04:12] {
    "error": "Error interno en el servidor",
    "details": "SQLSTATE[42703]: Undefined column: 7 ERROR:  no existe la columna i.inst_id\nLINE 7: ... JOIN INSTRUCTOR i ON f.INSTRUCTOR_inst_id_lider = i.inst_id\n                                                              ^",
    "file": "C:\\xampp\\htdocs\\MVC\\ProgramacionSena\\controller\\reporteController.php",
    "line": 65,
    "trace": "#0 C:\\xampp\\htdocs\\MVC\\ProgramacionSena\\controller\\reporteController.php(65): PDOStatement->execute()\n#1 C:\\xampp\\htdocs\\MVC\\ProgramacionSena\\routing.php(191): ReporteController->fichasActivasPorPrograma()\n#2 {main}"
}
[2026-02-27 20:04:13] {
    "error": "Error interno en el servidor",
    "details": "SQLSTATE[42703]: Undefined column: 7 ERROR:  no existe la columna i.inst_id\nLINE 2:                        i.inst_id, i.inst_nombres, i.inst_ape...\n                               ^",
    "file": "C:\\xampp\\htdocs\\MVC\\ProgramacionSena\\controller\\reporteController.php",
    "line": 24,
    "trace": "#0 C:\\xampp\\htdocs\\MVC\\ProgramacionSena\\controller\\reporteController.php(24): PDOStatement->execute()\n#1 C:\\xampp\\htdocs\\MVC\\ProgramacionSena\\routing.php(191): ReporteController->instructoresPorCentro()\n#2 {main}"
}
[2026-02-27 20:04:25] {
    "error": "Error interno en el servidor",
    "details": "Acceso denegado: El rol 'centro' no tiene permisos para el m\u00f3dulo 'ficha'.",
    "file": "C:\\xampp\\htdocs\\MVC\\ProgramacionSena\\routing.php",
    "line": 89,
    "trace": "#0 {main}"
}
[2026-02-27 20:04:25] {
    "error": "Error interno en el servidor",
    "details": "Acceso denegado: El rol 'centro' no tiene permisos para el m\u00f3dulo 'asignacion'.",
    "file": "C:\\xampp\\htdocs\\MVC\\ProgramacionSena\\routing.php",
    "line": 89,
    "trace": "#0 {main}"
}
[2026-02-27 20:09:06] {
    "error": "Error interno en el servidor",
    "details": "SQLSTATE[42703]: Undefined column: 7 ERROR:  no existe la columna i.inst_id\nLINE 7: ...  LEFT JOIN INSTRUCTOR i ON a.INSTRUCTOR_inst_id = i.inst_id\n                                                              ^",
    "file": "C:\\xampp\\htdocs\\MVC\\ProgramacionSena\\model\\AmbienteModel.php",
    "line": 164,
    "trace": "#0 C:\\xampp\\htdocs\\MVC\\ProgramacionSena\\model\\AmbienteModel.php(164): PDOStatement->execute(Array)\n#1 C:\\xampp\\htdocs\\MVC\\ProgramacionSena\\controller\\ambienteController.php(110): AmbienteModel->getProgramacion()\n#2 C:\\xampp\\htdocs\\MVC\\ProgramacionSena\\routing.php(191): AmbienteController->getProgramacion()\n#3 {main}"
}
[2026-02-27 20:59:18] {
    "error": "Error interno en el servidor",
    "details": "SQLSTATE[42703]: Undefined column: 7 ERROR:  no existe la columna \u00abcentro_formacion_cent_id\u00bb\nLINE 1: SELECT sede_id, sede_nombre, CENTRO_FORMACION_cent_id FROM S...\n                                     ^",
    "file": "C:\\xampp\\htdocs\\MVC\\ProgramacionSena\\model\\SedeModel.php",
    "line": 101,
    "trace": "#0 C:\\xampp\\htdocs\\MVC\\ProgramacionSena\\model\\SedeModel.php(101): PDOStatement->execute()\n#1 C:\\xampp\\htdocs\\MVC\\ProgramacionSena\\controller\\sedeController.php(25): SedeModel->readAll()\n#2 C:\\xampp\\htdocs\\MVC\\ProgramacionSena\\routing.php(191): SedeController->index()\n#3 {main}"
}
[2026-02-27 20:59:22] {
    "error": "Error interno en el servidor",
    "details": "SQLSTATE[42703]: Undefined column: 7 ERROR:  no existe la columna \u00abcentro_formacion_cent_id\u00bb\nLINE 1: SELECT sede_id, sede_nombre, CENTRO_FORMACION_cent_id FROM S...\n                                     ^",
    "file": "C:\\xampp\\htdocs\\MVC\\ProgramacionSena\\model\\SedeModel.php",
    "line": 101,
    "trace": "#0 C:\\xampp\\htdocs\\MVC\\ProgramacionSena\\model\\SedeModel.php(101): PDOStatement->execute()\n#1 C:\\xampp\\htdocs\\MVC\\ProgramacionSena\\controller\\sedeController.php(25): SedeModel->readAll()\n#2 C:\\xampp\\htdocs\\MVC\\ProgramacionSena\\routing.php(191): SedeController->index()\n#3 {main}"
}
[2026-02-27 20:59:23] {
    "error": "Error interno en el servidor",
    "details": "Acceso denegado: El rol 'centro' no tiene permisos para el m\u00f3dulo 'ficha'.",
    "file": "C:\\xampp\\htdocs\\MVC\\ProgramacionSena\\routing.php",
    "line": 89,
    "trace": "#0 {main}"
}
[2026-02-27 20:59:23] {
    "error": "Error interno en el servidor",
    "details": "Acceso denegado: El rol 'centro' no tiene permisos para el m\u00f3dulo 'asignacion'.",
    "file": "C:\\xampp\\htdocs\\MVC\\ProgramacionSena\\routing.php",
    "line": 89,
    "trace": "#0 {main}"
}
[2026-02-27 21:25:32] {
    "error": "Error interno en el servidor",
    "details": "SQLSTATE[42703]: Undefined column: 7 ERROR:  no existe la columna \u00abcentro_formacion_cent_id\u00bb\nLINE 1: SELECT sede_id, sede_nombre, CENTRO_FORMACION_cent_id FROM S...\n                                     ^",
    "file": "C:\\xampp\\htdocs\\MVC\\ProgramacionSena\\model\\SedeModel.php",
    "line": 85,
    "trace": "#0 C:\\xampp\\htdocs\\MVC\\ProgramacionSena\\model\\SedeModel.php(85): PDOStatement->execute(Array)\n#1 C:\\xampp\\htdocs\\MVC\\ProgramacionSena\\controller\\sedeController.php(29): SedeModel->readAll(1)\n#2 C:\\xampp\\htdocs\\MVC\\ProgramacionSena\\routing.php(191): SedeController->index()\n#3 {main}"
}
[2026-02-27 21:25:32] {
    "error": "Error interno en el servidor",
    "details": "Acceso denegado: El rol 'centro' no tiene permisos para el m\u00f3dulo 'ficha'.",
    "file": "C:\\xampp\\htdocs\\MVC\\ProgramacionSena\\routing.php",
    "line": 89,
    "trace": "#0 {main}"
}
[2026-02-27 21:25:32] {
    "error": "Error interno en el servidor",
    "details": "Acceso denegado: El rol 'centro' no tiene permisos para el m\u00f3dulo 'asignacion'.",
    "file": "C:\\xampp\\htdocs\\MVC\\ProgramacionSena\\routing.php",
    "line": 89,
    "trace": "#0 {main}"
}
[2026-02-27 21:25:40] {
    "error": "Error interno en el servidor",
    "details": "SQLSTATE[42703]: Undefined column: 7 ERROR:  no existe la columna \u00abcentro_formacion_cent_id\u00bb\nLINE 1: SELECT sede_id, sede_nombre, CENTRO_FORMACION_cent_id FROM S...\n                                     ^",
    "file": "C:\\xampp\\htdocs\\MVC\\ProgramacionSena\\model\\SedeModel.php",
    "line": 85,
    "trace": "#0 C:\\xampp\\htdocs\\MVC\\ProgramacionSena\\model\\SedeModel.php(85): PDOStatement->execute(Array)\n#1 C:\\xampp\\htdocs\\MVC\\ProgramacionSena\\controller\\sedeController.php(29): SedeModel->readAll(1)\n#2 C:\\xampp\\htdocs\\MVC\\ProgramacionSena\\routing.php(191): SedeController->index()\n#3 {main}"
}
[2026-02-27 22:10:04] {
    "error": "Error interno en el servidor",
    "details": "Acceso denegado: El rol 'centro' no tiene permisos para el m\u00f3dulo 'ficha'.",
    "file": "C:\\xampp\\htdocs\\MVC\\ProgramacionSena\\routing.php",
    "line": 89,
    "trace": "#0 {main}"
}
[2026-02-27 22:10:04] {
    "error": "Error interno en el servidor",
    "details": "Acceso denegado: El rol 'centro' no tiene permisos para el m\u00f3dulo 'asignacion'.",
    "file": "C:\\xampp\\htdocs\\MVC\\ProgramacionSena\\routing.php",
    "line": 89,
    "trace": "#0 {main}"
}
[2026-02-28 04:02:33] {
    "error": "Error interno en el servidor",
    "details": "Acceso denegado: El rol 'centro' no tiene permisos para el m\u00f3dulo 'ficha'.",
    "file": "C:\\xampp\\htdocs\\MVC\\ProgramacionSena\\routing.php",
    "line": 89,
    "trace": "#0 {main}"
}
[2026-02-28 04:02:33] {
    "error": "Error interno en el servidor",
    "details": "Acceso denegado: El rol 'centro' no tiene permisos para el m\u00f3dulo 'asignacion'.",
    "file": "C:\\xampp\\htdocs\\MVC\\ProgramacionSena\\routing.php",
    "line": 89,
    "trace": "#0 {main}"
}
[2026-02-28 04:02:51] {
    "error": "Error interno en el servidor",
    "details": "Acceso denegado: El rol 'centro' no tiene permisos para el m\u00f3dulo 'ficha'.",
    "file": "C:\\xampp\\htdocs\\MVC\\ProgramacionSena\\routing.php",
    "line": 89,
    "trace": "#0 {main}"
}
[2026-02-28 04:02:51] {
    "error": "Error interno en el servidor",
    "details": "Acceso denegado: El rol 'centro' no tiene permisos para el m\u00f3dulo 'asignacion'.",
    "file": "C:\\xampp\\htdocs\\MVC\\ProgramacionSena\\routing.php",
    "line": 89,
    "trace": "#0 {main}"
}
[2026-02-28 04:07:56] {
    "error": "Error interno en el servidor",
    "details": "Acceso denegado: El rol 'centro' no tiene permisos para el m\u00f3dulo 'ficha'.",
    "file": "C:\\xampp\\htdocs\\MVC\\ProgramacionSena\\routing.php",
    "line": 89,
    "trace": "#0 {main}"
}
[2026-02-28 04:07:56] {
    "error": "Error interno en el servidor",
    "details": "Acceso denegado: El rol 'centro' no tiene permisos para el m\u00f3dulo 'asignacion'.",
    "file": "C:\\xampp\\htdocs\\MVC\\ProgramacionSena\\routing.php",
    "line": 89,
    "trace": "#0 {main}"
}
[2026-02-28 04:08:15] {
    "error": "Error interno en el servidor",
    "details": "SQLSTATE[42703]: Undefined column: 7 ERROR:  no existe la columna tp.titpro_nivel\nLINE 2:                        tp.titpro_nombre, tp.titpro_nivel\n                                                 ^",
    "file": "C:\\xampp\\htdocs\\MVC\\ProgramacionSena\\model\\SedeModel.php",
    "line": 152,
    "trace": "#0 C:\\xampp\\htdocs\\MVC\\ProgramacionSena\\model\\SedeModel.php(152): PDOStatement->execute(Array)\n#1 C:\\xampp\\htdocs\\MVC\\ProgramacionSena\\controller\\sedeController.php(153): SedeModel->getProgramasBySede()\n#2 C:\\xampp\\htdocs\\MVC\\ProgramacionSena\\routing.php(191): SedeController->getProgramas('1')\n#3 {main}"
}
[2026-02-28 04:08:15] {
    "error": "Error interno en el servidor",
    "details": "SQLSTATE[42703]: Undefined column: 7 ERROR:  no existe la columna i.inst_id\nLINE 10: ... JOIN INSTRUCTOR i ON f.INSTRUCTOR_inst_id_lider = i.inst_id\n                                                               ^",
    "file": "C:\\xampp\\htdocs\\MVC\\ProgramacionSena\\model\\SedeModel.php",
    "line": 132,
    "trace": "#0 C:\\xampp\\htdocs\\MVC\\ProgramacionSena\\model\\SedeModel.php(132): PDOStatement->execute(Array)\n#1 C:\\xampp\\htdocs\\MVC\\ProgramacionSena\\controller\\sedeController.php(165): SedeModel->getFichasBySede()\n#2 C:\\xampp\\htdocs\\MVC\\ProgramacionSena\\routing.php(191): SedeController->getFichas('1')\n#3 {main}"
}
